<?xml version="1.0" encoding="UTF-8"?>
<!-- Generated by org.testng.reporters.JUnitReportReporter -->
<testsuite skipped="0" hostname="TMOOD" name="Tests.GetTest" tests="1" failures="0" timestamp="02 Jan 2019 17:55:36 GMT" time="6.941" errors="0">
  <testcase name="GetWeatherDetails" time="6.941" classname="Tests.GetTest"/>
</testsuite> <!-- Tests.GetTest -->
