<?xml version="1.0" encoding="UTF-8"?>
<!-- Generated by org.testng.reporters.JUnitReportReporter -->
<testsuite skipped="0" hostname="TMOOD" name="Tests.GetProfile" tests="1" failures="0" timestamp="25 Feb 2019 21:13:07 GMT" time="4.062" errors="0">
  <testcase name="getPro" time="4.062" classname="Tests.GetProfile"/>
</testsuite> <!-- Tests.GetProfile -->
