<?xml version="1.0" encoding="UTF-8"?>
<!-- Generated by org.testng.reporters.JUnitReportReporter -->
<testsuite skipped="0" hostname="TMOOD" name="Tests.PostTest" tests="1" failures="0" timestamp="25 Feb 2019 21:14:19 GMT" time="5.492" errors="0">
  <testcase name="login" time="5.492" classname="Tests.PostTest"/>
</testsuite> <!-- Tests.PostTest -->
